<?xml version="1.0" encoding="UTF-8"?>
<!-- Generated by org.testng.reporters.JUnitReportReporter -->
<testsuite hostname="THEJU" failures="0" tests="1" name="practice.demo1" time="0.010" errors="0" timestamp="2021-11-11T12:10:03 IST" skipped="0">
  <testcase classname="practice.demo1" name="demo" time="0.010"/>
  <system-out/>
</testsuite> <!-- practice.demo1 -->
